native2/libraryProject/build/outputs/mapping/release/mapping.txt
com.google.zxing.client.android.BeepManager -> com.google.zxing.client.android.a:
    java.lang.String TAG -> e
    android.app.Activity activity -> a
    android.media.MediaPlayer mediaPlayer -> b
    boolean playBeep -> c
    boolean vibrate -> d
    com.google.zxing.FakeR fakeR -> f
    void <init>(android.app.Activity) -> <init>
    void updatePrefs() -> a
    android.media.MediaPlayer buildMediaPlayer(android.content.Context) -> a
    void <clinit>() -> <clinit>
com.google.zxing.client.android.BeepManager$1 -> com.google.zxing.client.android.b:
    void <init>() -> <init>
    void onCompletion(android.media.MediaPlayer) -> onCompletion
com.google.zxing.client.android.CaptureActivity -> com.google.zxing.client.android.CaptureActivity:
    com.google.zxing.FakeR fakeR -> a
    java.lang.String TAG -> k
    java.lang.String[] ZXING_URLS -> l
    java.util.Set DISPLAYABLE_METADATA_TYPES -> m
    com.google.zxing.client.android.camera.CameraManager cameraManager -> b
    com.google.zxing.client.android.CaptureActivityHandler handler -> c
    com.google.zxing.Result savedResultToShow -> n
    com.google.zxing.client.android.ViewfinderView viewfinderView -> d
    android.widget.TextView statusView -> o
    android.view.View resultView -> p
    com.google.zxing.Result lastResult -> e
    boolean hasSurface -> q
    boolean copyToClipboard -> r
    int source$37429bb9 -> f
    java.lang.String sourceUrl -> s
    java.lang.String returnUrlTemplate -> g
    boolean returnRaw -> t
    java.util.Collection decodeFormats -> u
    java.lang.String characterSet -> v
    com.google.zxing.client.android.history.HistoryManager historyManager -> h
    com.google.zxing.client.android.InactivityTimer inactivityTimer -> i
    com.google.zxing.client.android.BeepManager beepManager -> j
    void <init>() -> <init>
    void onCreate(android.os.Bundle) -> onCreate
    void onResume() -> onResume
    boolean isZXingURL(java.lang.String) -> a
    void onPause() -> onPause
    void onDestroy() -> onDestroy
    boolean onKeyDown(int,android.view.KeyEvent) -> onKeyDown
com.google.zxing.client.android.CaptureActivity$1 -> com.google.zxing.client.android.c:
    int[] $SwitchMap$com$google$zxing$client$android$IntentSource -> a
    void <clinit>() -> <clinit>
com.google.zxing.client.android.CaptureActivityHandler -> com.google.zxing.client.android.d:
    java.lang.String TAG -> e
    com.google.zxing.client.android.CaptureActivity activity -> f
    com.google.zxing.client.android.DecodeThread decodeThread -> a
    int state$495b0d5c -> b
    com.google.zxing.client.android.camera.CameraManager cameraManager -> c
    com.google.zxing.FakeR fakeR -> d
    void <init>(com.google.zxing.client.android.CaptureActivity,java.util.Collection,java.lang.String,com.google.zxing.client.android.camera.CameraManager) -> <init>
    void handleMessage(android.os.Message) -> handleMessage
    void restartPreviewAndDecode() -> a
    void <clinit>() -> <clinit>
com.google.zxing.client.android.CaptureActivityHandler$State -> com.google.zxing.client.android.e:
    int PREVIEW$495b0d5c -> a
    int SUCCESS$495b0d5c -> b
    int DONE$495b0d5c -> c
    int[] $VALUES$22a0ef89 -> d
    void <clinit>() -> <clinit>
com.google.zxing.client.android.Contents -> com.google.zxing.client.android.f:
    java.lang.String[] PHONE_KEYS -> a
    java.lang.String[] PHONE_TYPE_KEYS -> b
    java.lang.String[] EMAIL_KEYS -> c
    java.lang.String[] EMAIL_TYPE_KEYS -> d
    void <clinit>() -> <clinit>
...
com.google.zxing.oned.rss.expanded.decoders.AnyAIDecoder -> com.google.zxing.e.a.a.a.k:
    void <init>(com.google.zxing.common.BitArray) -> <init>
    java.lang.String parseInformation() -> a
com.google.zxing.oned.rss.expanded.decoders.BlockParsedResult -> com.google.zxing.e.a.a.a.l:
    com.google.zxing.oned.rss.expanded.decoders.DecodedInformation decodedInformation -> a
    boolean finished -> b
    void <init>() -> <init>
    void <init>(com.google.zxing.oned.rss.expanded.decoders.DecodedInformation,boolean) -> <init>
com.google.zxing.oned.rss.expanded.decoders.CurrentParsingState -> com.google.zxing.e.a.a.a.m:
    int position -> a
    int encoding$1376b33b -> b
    void <init>() -> <init>
    void incrementPosition(int) -> a
com.google.zxing.oned.rss.expanded.decoders.CurrentParsingState$State -> com.google.zxing.e.a.a.a.n:
    int NUMERIC$1376b33b -> a
    int ALPHA$1376b33b -> b
    int ISO_IEC_646$1376b33b -> c
    int[] $VALUES$3d17980a -> d
    void <clinit>() -> <clinit>
com.google.zxing.oned.rss.expanded.decoders.DecodedChar -> com.google.zxing.e.a.a.a.o:
    char value -> a
    void <init>(int,char) -> <init>
    boolean isFNC1() -> a
com.google.zxing.oned.rss.expanded.decoders.DecodedInformation -> com.google.zxing.e.a.a.a.p:
    java.lang.String newString -> a
    int remainingValue -> b
    boolean remaining -> c
    void <init>(int,java.lang.String) -> <init>
    void <init>(int,java.lang.String,int) -> <init>
com.google.zxing.oned.rss.expanded.decoders.DecodedNumeric -> com.google.zxing.e.a.a.a.q:
    int firstDigit -> a
    int secondDigit -> b
    void <init>(int,int,int) -> <init>
    boolean isSecondDigitFNC1() -> a
com.google.zxing.oned.rss.expanded.decoders.DecodedObject -> com.google.zxing.e.a.a.a.r:
    int newPosition -> d
    void <init>(int) -> <init>
com.google.zxing.oned.rss.expanded.decoders.FieldParser -> com.google.zxing.e.a.a.a.s:
    java.lang.Object VARIABLE_LENGTH -> a
    java.lang.Object[][] TWO_DIGIT_DATA_LENGTH -> b
    java.lang.Object[][] THREE_DIGIT_DATA_LENGTH -> c
    java.lang.Object[][] THREE_DIGIT_PLUS_DIGIT_DATA_LENGTH -> d
    java.lang.Object[][] FOUR_DIGIT_DATA_LENGTH -> e
    java.lang.String parseFieldsInGeneralPurpose(java.lang.String) -> a
    java.lang.String processFixedAI(int,int,java.lang.String) -> a
    java.lang.String processVariableAI(int,int,java.lang.String) -> b
    void <clinit>() -> <clinit>
com.google.zxing.oned.rss.expanded.decoders.GeneralAppIdDecoder -> com.google.zxing.e.a.a.a.t:
    com.google.zxing.common.BitArray information -> a
    com.google.zxing.oned.rss.expanded.decoders.CurrentParsingState current -> b
    java.lang.StringBuilder buffer -> c
    void <init>(com.google.zxing.common.BitArray) -> <init>
    java.lang.String decodeAllCodes(java.lang.StringBuilder,int) -> a
    int extractNumericValueFromBitArray(int,int) -> a
    int extractNumericValueFromBitArray(com.google.zxing.common.BitArray,int,int) -> a
    com.google.zxing.oned.rss.expanded.decoders.DecodedInformation decodeGeneralPurposeField(int,java.lang.String) -> a
    com.google.zxing.oned.rss.expanded.decoders.BlockParsedResult parseNumericBlock() -> a
    com.google.zxing.oned.rss.expanded.decoders.BlockParsedResult parseIsoIec646Block() -> b
    boolean isAlphaTo646ToAlphaLatch(int) -> a
    boolean isAlphaOr646ToNumericLatch(int) -> b
com.google.zxing.pdf417.PDF417Reader -> com.google.zxing.f.a:
    com.google.zxing.ResultPoint[] NO_POINTS -> a
    com.google.zxing.pdf417.decoder.Decoder decoder -> b
    void <init>() -> <init>
    com.google.zxing.Result decode(com.google.zxing.BinaryBitmap,java.util.Map) -> a
    void reset() -> a
    void <clinit>() -> <clinit>